<?xml version="1.0" encoding="UTF-8"?>
<testsuite name="adventure_test.AdventurerTest" tests="6" skipped="0" failures="0" errors="0" timestamp="2020-02-01T22:01:09" hostname="LAPTOP-CFNC9NBC" time="0.008">
  <properties/>
  <testcase name="canSetAlignment" classname="adventure_test.AdventurerTest" time="0.002"/>
  <testcase name="canGetName" classname="adventure_test.AdventurerTest" time="0.0"/>
  <testcase name="canGetArmorClass" classname="adventure_test.AdventurerTest" time="0.0"/>
  <testcase name="canSetName" classname="adventure_test.AdventurerTest" time="0.0"/>
  <testcase name="canGetHitPoints" classname="adventure_test.AdventurerTest" time="0.001"/>
  <testcase name="canGetAlignment" classname="adventure_test.AdventurerTest" time="0.001"/>
  <system-out><![CDATA[]]></system-out>
  <system-err><![CDATA[]]></system-err>
</testsuite>
