<?xml version="1.0" encoding="UTF-8"?>
<testsuite name="adventure_test.AttackerTest" tests="1" skipped="0" failures="0" errors="0" timestamp="2020-02-05T22:29:59" hostname="LAPTOP-CFNC9NBC" time="0.0">
  <properties/>
  <testcase name="adventurerCanTakeDamage" classname="adventure_test.AttackerTest" time="0.0"/>
  <system-out><![CDATA[]]></system-out>
  <system-err><![CDATA[]]></system-err>
</testsuite>
